<?xml version="1.0" encoding="UTF-8"?>
<testsuite name="com.taskr.core.TaskrBackendApplicationTests" tests="1" skipped="0" failures="0" errors="0" timestamp="2020-11-25T17:11:57" hostname="DAVIDS-COMPUTER" time="0.183">
  <properties/>
  <testcase name="contextLoads()" classname="com.taskr.core.TaskrBackendApplicationTests" time="0.183"/>
  <system-out><![CDATA[12:11:51.748 [Test worker] DEBUG org.springframework.test.context.BootstrapUtils - Instantiating CacheAwareContextLoaderDelegate from class [org.springframework.test.context.cache.DefaultCacheAwareContextLoaderDelegate]
12:11:51.774 [Test worker] DEBUG org.springframework.test.context.BootstrapUtils - Instantiating BootstrapContext using constructor [public org.springframework.test.context.support.DefaultBootstrapContext(java.lang.Class,org.springframework.test.context.CacheAwareContextLoaderDelegate)]
12:11:51.821 [Test worker] DEBUG org.springframework.test.context.BootstrapUtils - Instantiating TestContextBootstrapper for test class [com.taskr.core.TaskrBackendApplicationTests] from class [org.springframework.boot.test.context.SpringBootTestContextBootstrapper]
12:11:51.838 [Test worker] INFO org.springframework.boot.test.context.SpringBootTestContextBootstrapper - Neither @ContextConfiguration nor @ContextHierarchy found for test class [com.taskr.core.TaskrBackendApplicationTests], using SpringBootContextLoader
12:11:51.843 [Test worker] DEBUG org.springframework.test.context.support.AbstractContextLoader - Did not detect default resource location for test class [com.taskr.core.TaskrBackendApplicationTests]: class path resource [com/taskr/core/TaskrBackendApplicationTests-context.xml] does not exist
12:11:51.844 [Test worker] DEBUG org.springframework.test.context.support.AbstractContextLoader - Did not detect default resource location for test class [com.taskr.core.TaskrBackendApplicationTests]: class path resource [com/taskr/core/TaskrBackendApplicationTestsContext.groovy] does not exist
12:11:51.844 [Test worker] INFO org.springframework.test.context.support.AbstractContextLoader - Could not detect default resource locations for test class [com.taskr.core.TaskrBackendApplicationTests]: no resource found for suffixes {-context.xml, Context.groovy}.
12:11:51.845 [Test worker] INFO org.springframework.test.context.support.AnnotationConfigContextLoaderUtils - Could not detect default configuration classes for test class [com.taskr.core.TaskrBackendApplicationTests]: TaskrBackendApplicationTests does not declare any static, non-private, non-final, nested classes annotated with @Configuration.
12:11:51.911 [Test worker] DEBUG org.springframework.test.context.support.ActiveProfilesUtils - Could not find an 'annotation declaring class' for annotation type [org.springframework.test.context.ActiveProfiles] and class [com.taskr.core.TaskrBackendApplicationTests]
12:11:52.035 [Test worker] DEBUG org.springframework.context.annotation.ClassPathScanningCandidateComponentProvider - Identified candidate component class: file [A:\code\taskr-team-taskr\build\classes\java\main\com\taskr\core\TaskrBackendApplication.class]
12:11:52.037 [Test worker] INFO org.springframework.boot.test.context.SpringBootTestContextBootstrapper - Found @SpringBootConfiguration com.taskr.core.TaskrBackendApplication for test class com.taskr.core.TaskrBackendApplicationTests
12:11:52.182 [Test worker] DEBUG org.springframework.boot.test.context.SpringBootTestContextBootstrapper - @TestExecutionListeners is not present for class [com.taskr.core.TaskrBackendApplicationTests]: using defaults.
12:11:52.183 [Test worker] INFO org.springframework.boot.test.context.SpringBootTestContextBootstrapper - Loaded default TestExecutionListener class names from location [META-INF/spring.factories]: [org.springframework.boot.test.autoconfigure.restdocs.RestDocsTestExecutionListener, org.springframework.boot.test.autoconfigure.web.client.MockRestServiceServerResetTestExecutionListener, org.springframework.boot.test.autoconfigure.web.servlet.MockMvcPrintOnlyOnFailureTestExecutionListener, org.springframework.boot.test.autoconfigure.web.servlet.WebDriverTestExecutionListener, org.springframework.boot.test.autoconfigure.webservices.client.MockWebServiceServerTestExecutionListener, org.springframework.boot.test.mock.mockito.MockitoTestExecutionListener, org.springframework.boot.test.mock.mockito.ResetMocksTestExecutionListener, org.springframework.test.context.web.ServletTestExecutionListener, org.springframework.test.context.support.DirtiesContextBeforeModesTestExecutionListener, org.springframework.test.context.support.DependencyInjectionTestExecutionListener, org.springframework.test.context.support.DirtiesContextTestExecutionListener, org.springframework.test.context.transaction.TransactionalTestExecutionListener, org.springframework.test.context.jdbc.SqlScriptsTestExecutionListener, org.springframework.test.context.event.EventPublishingTestExecutionListener]
12:11:52.215 [Test worker] INFO org.springframework.boot.test.context.SpringBootTestContextBootstrapper - Using TestExecutionListeners: [org.springframework.test.context.web.ServletTestExecutionListener@1da916eb, org.springframework.test.context.support.DirtiesContextBeforeModesTestExecutionListener@1e2010c3, org.springframework.boot.test.mock.mockito.MockitoTestExecutionListener@30c11633, org.springframework.boot.test.autoconfigure.SpringBootDependencyInjectionTestExecutionListener@c008533, org.springframework.test.context.support.DirtiesContextTestExecutionListener@59cbc416, org.springframework.test.context.transaction.TransactionalTestExecutionListener@47f361e4, org.springframework.test.context.jdbc.SqlScriptsTestExecutionListener@7fbb87a7, org.springframework.test.context.event.EventPublishingTestExecutionListener@771aac7e, org.springframework.boot.test.autoconfigure.restdocs.RestDocsTestExecutionListener@70f63dff, org.springframework.boot.test.autoconfigure.web.client.MockRestServiceServerResetTestExecutionListener@2c568e44, org.springframework.boot.test.autoconfigure.web.servlet.MockMvcPrintOnlyOnFailureTestExecutionListener@ff3b2d6, org.springframework.boot.test.autoconfigure.web.servlet.WebDriverTestExecutionListener@2d28960a, org.springframework.boot.test.autoconfigure.webservices.client.MockWebServiceServerTestExecutionListener@6cf05f95, org.springframework.boot.test.mock.mockito.ResetMocksTestExecutionListener@744cd8e1]
12:11:52.220 [Test worker] DEBUG org.springframework.test.context.support.AbstractDirtiesContextTestExecutionListener - Before test class: context [DefaultTestContext@7ff53524 testClass = TaskrBackendApplicationTests, testInstance = [null], testMethod = [null], testException = [null], mergedContextConfiguration = [WebMergedContextConfiguration@72974bd6 testClass = TaskrBackendApplicationTests, locations = '{}', classes = '{class com.taskr.core.TaskrBackendApplication}', contextInitializerClasses = '[]', activeProfiles = '{}', propertySourceLocations = '{}', propertySourceProperties = '{org.springframework.boot.test.context.SpringBootTestContextBootstrapper=true}', contextCustomizers = set[org.springframework.boot.test.autoconfigure.actuate.metrics.MetricsExportContextCustomizerFactory$DisableMetricExportContextCustomizer@4377c2df, org.springframework.boot.test.autoconfigure.properties.PropertyMappingContextCustomizer@0, org.springframework.boot.test.autoconfigure.web.servlet.WebDriverContextCustomizerFactory$Customizer@1f8a3c8d, org.springframework.boot.test.context.filter.ExcludeFilterContextCustomizer@285249e2, org.springframework.boot.test.json.DuplicateJsonObjectContextCustomizerFactory$DuplicateJsonObjectContextCustomizer@10bb05c4, org.springframework.boot.test.mock.mockito.MockitoContextCustomizer@0, org.springframework.boot.test.web.client.TestRestTemplateContextCustomizer@387c0531, org.springframework.boot.test.web.reactive.server.WebTestClientContextCustomizer@56984af7, org.springframework.boot.test.context.SpringBootTestArgs@1, org.springframework.boot.test.context.SpringBootTestWebEnvironment@7331b390], resourceBasePath = 'src/main/webapp', contextLoader = 'org.springframework.boot.test.context.SpringBootContextLoader', parent = [null]], attributes = map['org.springframework.test.context.web.ServletTestExecutionListener.activateListener' -> true]], class annotated with @DirtiesContext [false] with mode [null].
12:11:52.264 [Test worker] DEBUG org.springframework.test.context.support.TestPropertySourceUtils - Adding inlined properties to environment: {spring.jmx.enabled=false, org.springframework.boot.test.context.SpringBootTestContextBootstrapper=true}

  .   ____          _            __ _ _
 /\\ / ___'_ __ _ _(_)_ __  __ _ \ \ \ \
( ( )\___ | '_ | '_| | '_ \/ _` | \ \ \ \
 \\/  ___)| |_)| | | | | || (_| |  ) ) ) )
  '  |____| .__|_| |_|_| |_\__, | / / / /
 =========|_|==============|___/=/_/_/_/
 :: Spring Boot ::                (v2.4.0)

2020-11-25 12:11:52.620  INFO 14508 --- [    Test worker] c.t.core.TaskrBackendApplicationTests    : Starting TaskrBackendApplicationTests using Java 11.0.8 on Davids-Computer with PID 14508 (started by David Alvarado in A:\code\taskr-team-taskr)
2020-11-25 12:11:52.624  INFO 14508 --- [    Test worker] c.t.core.TaskrBackendApplicationTests    : No active profile set, falling back to default profiles: default
2020-11-25 12:11:53.590  INFO 14508 --- [    Test worker] .s.d.r.c.RepositoryConfigurationDelegate : Bootstrapping Spring Data JPA repositories in DEFERRED mode.
2020-11-25 12:11:53.687  INFO 14508 --- [    Test worker] .s.d.r.c.RepositoryConfigurationDelegate : Finished Spring Data repository scanning in 85 ms. Found 3 JPA repository interfaces.
2020-11-25 12:11:54.492  INFO 14508 --- [    Test worker] o.s.s.concurrent.ThreadPoolTaskExecutor  : Initializing ExecutorService 'applicationTaskExecutor'
2020-11-25 12:11:54.586  INFO 14508 --- [         task-1] o.hibernate.jpa.internal.util.LogHelper  : HHH000204: Processing PersistenceUnitInfo [name: default]
2020-11-25 12:11:54.690  INFO 14508 --- [         task-1] org.hibernate.Version                    : HHH000412: Hibernate ORM core version 5.4.23.Final
2020-11-25 12:11:54.955  WARN 14508 --- [    Test worker] JpaBaseConfiguration$JpaWebConfiguration : spring.jpa.open-in-view is enabled by default. Therefore, database queries may be performed during view rendering. Explicitly configure spring.jpa.open-in-view to disable this warning
2020-11-25 12:11:54.961  INFO 14508 --- [         task-1] o.hibernate.annotations.common.Version   : HCANN000001: Hibernate Commons Annotations {5.1.2.Final}
2020-11-25 12:11:55.164  INFO 14508 --- [         task-1] com.zaxxer.hikari.HikariDataSource       : HikariPool-1 - Starting...
2020-11-25 12:11:55.504  INFO 14508 --- [         task-1] com.zaxxer.hikari.HikariDataSource       : HikariPool-1 - Start completed.
2020-11-25 12:11:55.537  INFO 14508 --- [         task-1] org.hibernate.dialect.Dialect            : HHH000400: Using dialect: org.hibernate.dialect.H2Dialect
2020-11-25 12:11:55.935  INFO 14508 --- [    Test worker] DeferredRepositoryInitializationListener : Triggering deferred initialization of Spring Data repositories…
2020-11-25 12:11:56.726  INFO 14508 --- [         task-1] o.h.e.t.j.p.i.JtaPlatformInitiator       : HHH000490: Using JtaPlatform implementation: [org.hibernate.engine.transaction.jta.platform.internal.NoJtaPlatform]
2020-11-25 12:11:56.739  INFO 14508 --- [         task-1] j.LocalContainerEntityManagerFactoryBean : Initialized JPA EntityManagerFactory for persistence unit 'default'
2020-11-25 12:11:57.063  INFO 14508 --- [    Test worker] DeferredRepositoryInitializationListener : Spring Data repositories initialized!
2020-11-25 12:11:57.077  INFO 14508 --- [    Test worker] c.t.core.TaskrBackendApplicationTests    : Started TaskrBackendApplicationTests in 4.804 seconds (JVM running for 6.679)
]]></system-out>
  <system-err><![CDATA[]]></system-err>
</testsuite>
